[2025-06-09T08:00:06.621+0000] {local_task_job_runner.py:120} INFO - ::group::Pre task execution logs
[2025-06-09T08:00:06.654+0000] {taskinstance.py:2076} INFO - Dependencies all met for dep_context=non-requeueable deps ti=<TaskInstance: netsuite_saved_search_4532_memory.extract_from_netsuite manual__2025-06-09T07:54:58.195862+00:00 [queued]>
[2025-06-09T08:00:06.663+0000] {taskinstance.py:2076} INFO - Dependencies all met for dep_context=requeueable deps ti=<TaskInstance: netsuite_saved_search_4532_memory.extract_from_netsuite manual__2025-06-09T07:54:58.195862+00:00 [queued]>
[2025-06-09T08:00:06.664+0000] {taskinstance.py:2306} INFO - Starting attempt 2 of 2
[2025-06-09T08:00:06.678+0000] {taskinstance.py:2330} INFO - Executing <Task(PythonOperator): extract_from_netsuite> on 2025-06-09 07:54:58.195862+00:00
[2025-06-09T08:00:06.684+0000] {standard_task_runner.py:63} INFO - Started process 54 to run task
[2025-06-09T08:00:06.688+0000] {standard_task_runner.py:90} INFO - Running: ['***', 'tasks', 'run', 'netsuite_saved_search_4532_memory', 'extract_from_netsuite', 'manual__2025-06-09T07:54:58.195862+00:00', '--job-id', '372', '--raw', '--subdir', 'DAGS_FOLDER/netsuite_4532_dag.py', '--cfg-path', '/tmp/tmp7cud7qyk']
[2025-06-09T08:00:06.690+0000] {standard_task_runner.py:91} INFO - Job 372: Subtask extract_from_netsuite
[2025-06-09T08:00:06.746+0000] {task_command.py:426} INFO - Running <TaskInstance: netsuite_saved_search_4532_memory.extract_from_netsuite manual__2025-06-09T07:54:58.195862+00:00 [running]> on host 46960f15b31b
[2025-06-09T08:00:06.835+0000] {taskinstance.py:2648} INFO - Exporting env vars: AIRFLOW_CTX_DAG_OWNER='***' AIRFLOW_CTX_DAG_ID='netsuite_saved_search_4532_memory' AIRFLOW_CTX_TASK_ID='extract_from_netsuite' AIRFLOW_CTX_EXECUTION_DATE='2025-06-09T07:54:58.195862+00:00' AIRFLOW_CTX_TRY_NUMBER='2' AIRFLOW_CTX_DAG_RUN_ID='manual__2025-06-09T07:54:58.195862+00:00'
[2025-06-09T08:00:06.836+0000] {taskinstance.py:430} INFO - ::endgroup::
[2025-06-09T08:00:06.858+0000] {logging_mixin.py:188} INFO - üîê login_data: {'email': 'bi-a@tara.com.vn', 'password': '##bI@2025taR@'}
[2025-06-09T08:00:06.860+0000] {logging_mixin.py:188} INFO - üç™ login_cookies: {'ltfayvewXOUYVYGEVqRZXnp7OAO6hc3Nld6Fxeull2LqxLs': '1749087915XAQAAAZfYQldYAV2KRojyYMl9RcRlLpk97fk-6Fsuv9e_GrDlaWRJZ7_9dQkzNg', 'au_lls': 'W3sibSI6IkFQUF9FTlRFUlBSSVNFX0NSRURFTlRJQUxTIiwiYyI6IjcyNTg3NzUiLCJkIjoxNzQ5MDg3OTE2MDkzfV0=', 'lastUser': '7258775_21043_1049'}
[2025-06-09T08:00:08.951+0000] {logging_mixin.py:188} INFO - üîç Login status code: 200
[2025-06-09T08:00:08.952+0000] {logging_mixin.py:188} INFO - üîç Content-Type: text/html;charset=utf-8
[2025-06-09T08:00:08.953+0000] {logging_mixin.py:188} INFO - üîç Response sample: <!DOCTYPE html>
<html data-scroll-behavior="natural" lang="en">
<head>
    <meta http-equiv="Content-Type" content="text/html; charset=UTF-8" />
    <meta http-equiv="X-UA-Compatible" content="IE=edge">
	<script type="importmap">
		{"imports": {"@uif-js/builder":"/assets/@uif-js/builder/7.0.0/min/in
[2025-06-09T08:00:08.953+0000] {taskinstance.py:441} INFO - ::group::Post task execution logs
[2025-06-09T08:00:08.956+0000] {taskinstance.py:2905} ERROR - Task failed with exception
Traceback (most recent call last):
  File "/usr/local/lib/python3.11/site-packages/airflow/models/taskinstance.py", line 465, in _execute_task
    result = _execute_callable(context=context, **execute_callable_kwargs)
             ^^^^^^^^^^^^^^^^^^^^^^^^^^^^^^^^^^^^^^^^^^^^^^^^^^^^^^^^^^^^^
  File "/usr/local/lib/python3.11/site-packages/airflow/models/taskinstance.py", line 432, in _execute_callable
    return execute_callable(context=context, **execute_callable_kwargs)
           ^^^^^^^^^^^^^^^^^^^^^^^^^^^^^^^^^^^^^^^^^^^^^^^^^^^^^^^^^^^^
  File "/usr/local/lib/python3.11/site-packages/airflow/models/baseoperator.py", line 400, in wrapper
    return func(self, *args, **kwargs)
           ^^^^^^^^^^^^^^^^^^^^^^^^^^^
  File "/usr/local/lib/python3.11/site-packages/airflow/operators/python.py", line 235, in execute
    return_value = self.execute_callable()
                   ^^^^^^^^^^^^^^^^^^^^^^^
  File "/usr/local/lib/python3.11/site-packages/airflow/operators/python.py", line 252, in execute_callable
    return self.python_callable(*self.op_args, **self.op_kwargs)
           ^^^^^^^^^^^^^^^^^^^^^^^^^^^^^^^^^^^^^^^^^^^^^^^^^^^^^
  File "/opt/airflow/dags/netsuite_4532_dag.py", line 68, in extract_from_netsuite
    raise Exception("‚ùå ƒêƒÉng nh·∫≠p NetSuite th·∫•t b·∫°i ho·∫∑c tr·∫£ v·ªÅ HTML")
Exception: ‚ùå ƒêƒÉng nh·∫≠p NetSuite th·∫•t b·∫°i ho·∫∑c tr·∫£ v·ªÅ HTML
[2025-06-09T08:00:08.982+0000] {taskinstance.py:1206} INFO - Marking task as FAILED. dag_id=netsuite_saved_search_4532_memory, task_id=extract_from_netsuite, run_id=manual__2025-06-09T07:54:58.195862+00:00, execution_date=20250609T075458, start_date=20250609T080006, end_date=20250609T080008
[2025-06-09T08:00:09.002+0000] {standard_task_runner.py:110} ERROR - Failed to execute job 372 for task extract_from_netsuite (‚ùå ƒêƒÉng nh·∫≠p NetSuite th·∫•t b·∫°i ho·∫∑c tr·∫£ v·ªÅ HTML; 54)
[2025-06-09T08:00:09.051+0000] {local_task_job_runner.py:240} INFO - Task exited with return code 1
[2025-06-09T08:00:09.074+0000] {taskinstance.py:3498} INFO - 0 downstream tasks scheduled from follow-on schedule check
[2025-06-09T08:00:09.079+0000] {local_task_job_runner.py:222} INFO - ::endgroup::
